<?xml version="1.0" encoding="UTF-8"?>
<!-- Generated by org.testng.reporters.JUnitReportReporter -->
<testsuite hostname="srivastav" failures="0" tests="5" name="tests.HomePageTest" time="38.045" errors="0" timestamp="2023-11-24T21:59:28 IST" skipped="0">
  <testcase classname="tests.HomePageTest" name="clickOnShopNewYoga" time="8.014">
    <system-out>
      <![CDATA[Clicking on Shop New Yoga button
Shop new Yoga page opened successfully]]>
    </system-out>
  </testcase> <!-- clickOnShopNewYoga -->
  <testcase classname="tests.HomePageTest" name="clickOnCreateAccount" time="7.129">
    <system-out>
      <![CDATA[Clicking on Create an Account button
Create an Account page opened successfully]]>
    </system-out>
  </testcase> <!-- clickOnCreateAccount -->
  <testcase classname="tests.HomePageTest" name="clickOnWomen" time="9.478">
    <system-out>
      <![CDATA[Clicking on Women Tab
Women page opened successfully]]>
    </system-out>
  </testcase> <!-- clickOnWomen -->
  <testcase classname="tests.HomePageTest" name="clickOnMen" time="6.607">
    <system-out>
      <![CDATA[Clicking on Men Tab
Men page opened successfully]]>
    </system-out>
  </testcase> <!-- clickOnMen -->
  <testcase classname="tests.HomePageTest" name="clickOnSigninLink" time="6.817">
    <system-out>
      <![CDATA[Clicking on Signin link
Login page opened successfully]]>
    </system-out>
  </testcase> <!-- clickOnSigninLink -->
  <system-out>
    <![CDATA[Launching browser
HomePage opened successfully
Browser launch successful
Clicking on Shop New Yoga button
Shop new Yoga page opened successfully
Closing Browser
Browser close successful
Launching browser
HomePage opened successfully
Browser launch successful
Clicking on Create an Account button
Create an Account page opened successfully
Closing Browser
Browser close successful
Launching browser
HomePage opened successfully
Browser launch successful
Clicking on Women Tab
Women page opened successfully
Closing Browser
Browser close successful
Launching browser
HomePage opened successfully
Browser launch successful
Clicking on Men Tab
Men page opened successfully
Closing Browser
Browser close successful
Launching browser
HomePage opened successfully
Browser launch successful
Clicking on Signin link
Login page opened successfully
Closing Browser
Browser close successful
Launching browser
HomePage opened successfully
Browser launch successful
Clicking on Signin button for login page test cases
Login page opened successfully
Clicking on Forgot your password link
Forgot your Password page opened successfully
Closing Browser
Browser close successful
Launching browser
HomePage opened successfully
Browser launch successful
Clicking on Signin button for login page test cases
Login page opened successfully
Clicking on Create an Account
Create New Customer Account page opened successfully
Closing Browser
Browser close successful
Launching browser
HomePage opened successfully
Browser launch successful
Clicking on Signin button for login page test cases
Login page opened successfully
Entering username in username textbox
Username successfully entered in username textbox
Closing Browser
Browser close successful
Launching browser
HomePage opened successfully
Browser launch successful
Clicking on Signin button for login page test cases
Login page opened successfully
Entering password in password textbox
Password successfully entered in password textbox
Closing Browser
Browser close successful
Launching browser
HomePage opened successfully
Browser launch successful
Clicking on Signin button for login page test cases
Login page opened successfully
Clicking on Signin In button
Home Page opened successfully Login successfully
Closing Browser
Browser close successful]]>
  </system-out>
</testsuite> <!-- tests.HomePageTest -->
