<?xml version="1.0" encoding="UTF-8"?>
<!-- Generated by org.testng.reporters.JUnitReportReporter -->
<testsuite hostname="srivastav" failures="0" tests="1" name="testHelpers.LoginPage_TestHelper" time="1.933" errors="0" timestamp="2023-11-20T13:27:09 IST" skipped="0">
  <testcase classname="testHelpers.LoginPage_TestHelper" name="clickOnSigninLink" time="1.933">
    <system-out>
      <![CDATA[Clicking on Signin button for login page test cases
Login page opened successfully]]>
    </system-out>
  </testcase> <!-- clickOnSigninLink -->
  <system-out>
    <![CDATA[Launching browser
HomePage opened successfully
Browser launch successful
Clicking on Shop New Yoga button
Shop new Yoga page opened successfully
Clicking on Create an Account button
Create an Account page opened successfully
Clicking on Women Tab
Women page opened successfully
Clicking on Men Tab
Men page opened successfully
Clicking on Signin link
Login page opened successfully
Closing Browser
Browser close successful
Launching browser
HomePage opened successfully
Browser launch successful
Clicking on Signin button for login page test cases
Login page opened successfully
Clicking on Forgot your password link
Clicking on Create an Account
Create New Customer Account page opened successfully
Navigating back to login page
Navigating back to login page successful
Entering username in username textbox
Username successfully entered in username textbox
Entering password in password textbox
Password successfully entered in password textbox
Clicking on Signin In button
Closing Browser
Browser close successful]]>
  </system-out>
</testsuite> <!-- testHelpers.LoginPage_TestHelper -->
